* 8ecdb6e Fusionando el branch js con main
*   ba44c96 Merge branch 'js'
|\  
| * 8a0af31 Agregando contenido al index.html desde la rama js
| * 7106518 Modificando archivo main.js
| * 97cc709 Creando archivo main en la rama js
* | 80aa53e Conectando index.html con styles.css
* |   ebe077d Merge branch 'css'
|\ \  
| * | a5d6bc5 Agregando estilos de fuente
| * | b46b271 Creando archivo styles en la rama css
* | | 05f4dcd Modificando index.html desde la rama html
| |/  
|/|   
* | 97ce390 Cambiando titulo del header html
* | a2cdf00 Creando archivo index en la rama html
|/  
* 7b7870d Agregando enlace y contenido de la Práctica 5
* 4003ee8 Agregando enlace y contenido de la práctica 3
* 3a603fe Agregando enlace y contenido de la Práctica 3
* afd6e64 Agregando licencia al repositorio
* 9e3f814 Creando archivo .gitignore
* c0a7a1e Adding README.md
* 7ded284 Fixing picture position
* 532d6f5 First commit
